<?xml version="1.0" encoding="UTF-8"?>
<testng-results skipped="0" failed="0" ignored="0" total="1" passed="1">
  <reporter-output>
  </reporter-output>
  <suite name="Suite" duration-ms="6496" started-at="2019-04-21T04:17:26Z" finished-at="2019-04-21T04:17:32Z">
    <groups>
    </groups>
    <test name="Test" duration-ms="6496" started-at="2019-04-21T04:17:26Z" finished-at="2019-04-21T04:17:32Z">
      <class name="com.TestCase.Tc_01">
        <test-method status="PASS" signature="doBrowserLaunch()[pri:0, instance:com.TestCase.Tc_01@71c7db30]" name="doBrowserLaunch" duration-ms="6444" started-at="2019-04-21T04:17:26Z" finished-at="2019-04-21T04:17:32Z">
          <reporter-output>
          </reporter-output>
        </test-method> <!-- doBrowserLaunch -->
      </class> <!-- com.TestCase.Tc_01 -->
    </test> <!-- Test -->
  </suite> <!-- Suite -->
</testng-results>
